<?xml version="1.0" encoding="UTF-8"?>
<coverage generated="1514953170452" clover="3.2.0">
  <project timestamp="1514953170452" name="All files">
    <metrics statements="40" coveredstatements="40" conditionals="13" coveredconditionals="13" methods="10" coveredmethods="10" elements="63" coveredelements="63" complexity="0" loc="40" ncloc="40" packages="5" files="9" classes="9">
      <package name="app">
        <metrics statements="1" coveredstatements="1" conditionals="0" coveredconditionals="0" methods="1" coveredmethods="1"/>
        <file name="App.js" path="/Users/suphawutpitirit/project/calculator/app/App.js">
          <metrics statements="1" coveredstatements="1" conditionals="0" coveredconditionals="0" methods="1" coveredmethods="1"/>
          <line num="12" count="2" type="stmt"/>
        </file>
      </package>
      <package name="app.components.baseViews">
        <metrics statements="27" coveredstatements="27" conditionals="13" coveredconditionals="13" methods="6" coveredmethods="6"/>
        <file name="BaseView.component.js" path="/Users/suphawutpitirit/project/calculator/app/components/baseViews/BaseView.component.js">
          <metrics statements="27" coveredstatements="27" conditionals="13" coveredconditionals="13" methods="6" coveredmethods="6"/>
          <line num="22" count="8" type="cond" truecount="2" falsecount="0"/>
          <line num="23" count="1" type="stmt"/>
          <line num="24" count="1" type="stmt"/>
          <line num="26" count="7" type="stmt"/>
          <line num="27" count="7" type="cond" truecount="2" falsecount="0"/>
          <line num="30" count="8" type="cond" truecount="2" falsecount="0"/>
          <line num="31" count="1" type="stmt"/>
          <line num="32" count="1" type="stmt"/>
          <line num="34" count="7" type="stmt"/>
          <line num="35" count="7" type="cond" truecount="2" falsecount="0"/>
          <line num="39" count="1" type="stmt"/>
          <line num="46" count="21" type="stmt"/>
          <line num="48" count="5" type="stmt"/>
          <line num="49" count="5" type="stmt"/>
          <line num="50" count="5" type="cond" truecount="5" falsecount="0"/>
          <line num="52" count="1" type="stmt"/>
          <line num="53" count="1" type="stmt"/>
          <line num="55" count="1" type="stmt"/>
          <line num="56" count="1" type="stmt"/>
          <line num="58" count="1" type="stmt"/>
          <line num="59" count="1" type="stmt"/>
          <line num="61" count="1" type="stmt"/>
          <line num="62" count="1" type="stmt"/>
          <line num="64" count="1" type="stmt"/>
          <line num="65" count="1" type="stmt"/>
          <line num="67" count="5" type="stmt"/>
          <line num="71" count="32" type="stmt"/>
        </file>
        <file name="BaseView.style.js" path="/Users/suphawutpitirit/project/calculator/app/components/baseViews/BaseView.style.js">
          <metrics statements="0" coveredstatements="0" conditionals="0" coveredconditionals="0" methods="0" coveredmethods="0"/>
        </file>
      </package>
      <package name="app.components.oparatorButtons">
        <metrics statements="4" coveredstatements="4" conditionals="0" coveredconditionals="0" methods="1" coveredmethods="1"/>
        <file name="OparatorBTN.component.js" path="/Users/suphawutpitirit/project/calculator/app/components/oparatorButtons/OparatorBTN.component.js">
          <metrics statements="4" coveredstatements="4" conditionals="0" coveredconditionals="0" methods="1" coveredmethods="1"/>
          <line num="14" count="18" type="stmt"/>
          <line num="15" count="18" type="stmt"/>
          <line num="23" count="3" type="stmt"/>
          <line num="28" count="3" type="stmt"/>
        </file>
        <file name="OparatorBTN.style.js" path="/Users/suphawutpitirit/project/calculator/app/components/oparatorButtons/OparatorBTN.style.js">
          <metrics statements="0" coveredstatements="0" conditionals="0" coveredconditionals="0" methods="0" coveredmethods="0"/>
        </file>
      </package>
      <package name="app.components.operatorInputs">
        <metrics statements="4" coveredstatements="4" conditionals="0" coveredconditionals="0" methods="1" coveredmethods="1"/>
        <file name="OparatorInput.style.js" path="/Users/suphawutpitirit/project/calculator/app/components/operatorInputs/OparatorInput.style.js">
          <metrics statements="0" coveredstatements="0" conditionals="0" coveredconditionals="0" methods="0" coveredmethods="0"/>
        </file>
        <file name="OperatorInputs.component.js" path="/Users/suphawutpitirit/project/calculator/app/components/operatorInputs/OperatorInputs.component.js">
          <metrics statements="4" coveredstatements="4" conditionals="0" coveredconditionals="0" methods="1" coveredmethods="1"/>
          <line num="15" count="10" type="stmt"/>
          <line num="16" count="10" type="stmt"/>
          <line num="26" count="3" type="stmt"/>
          <line num="31" count="3" type="stmt"/>
        </file>
      </package>
      <package name="app.components.results">
        <metrics statements="4" coveredstatements="4" conditionals="0" coveredconditionals="0" methods="1" coveredmethods="1"/>
        <file name="Result.component.js" path="/Users/suphawutpitirit/project/calculator/app/components/results/Result.component.js">
          <metrics statements="4" coveredstatements="4" conditionals="0" coveredconditionals="0" methods="1" coveredmethods="1"/>
          <line num="15" count="6" type="stmt"/>
          <line num="16" count="6" type="stmt"/>
          <line num="27" count="3" type="stmt"/>
          <line num="32" count="3" type="stmt"/>
        </file>
        <file name="Result.style.js" path="/Users/suphawutpitirit/project/calculator/app/components/results/Result.style.js">
          <metrics statements="0" coveredstatements="0" conditionals="0" coveredconditionals="0" methods="0" coveredmethods="0"/>
        </file>
      </package>
    </metrics>
  </project>
</coverage>
