{"/Users/suphawutpitirit/project/calculator/app/App.js": {"path":"/Users/suphawutpitirit/project/calculator/app/App.js","statementMap":{"0":{"start":{"line":12,"column":4},"end":{"line":14,"column":6}}},"fnMap":{"0":{"name":"(anonymous_0)","decl":{"start":{"line":11,"column":2},"end":{"line":11,"column":3}},"loc":{"start":{"line":11,"column":12},"end":{"line":15,"column":3}},"line":11}},"branchMap":{},"s":{"0":2},"f":{"0":2},"b":{},"_coverageSchema":"332fd63041d2c1bcb487cc26dd0d5f7d97098a6c","hash":"0bf53c268eeb8efd40d03f7c90cb5c7601f914fc"}
,"/Users/suphawutpitirit/project/calculator/app/components/baseViews/BaseView.component.js": {"path":"/Users/suphawutpitirit/project/calculator/app/components/baseViews/BaseView.component.js","statementMap":{"0":{"start":{"line":22,"column":4},"end":{"line":25,"column":5}},"1":{"start":{"line":23,"column":6},"end":{"line":23,"column":36}},"2":{"start":{"line":24,"column":6},"end":{"line":24,"column":13}},"3":{"start":{"line":26,"column":20},"end":{"line":26,"column":35}},"4":{"start":{"line":27,"column":4},"end":{"line":27,"column":60}},"5":{"start":{"line":30,"column":4},"end":{"line":33,"column":5}},"6":{"start":{"line":31,"column":6},"end":{"line":31,"column":37}},"7":{"start":{"line":32,"column":6},"end":{"line":32,"column":13}},"8":{"start":{"line":34,"column":20},"end":{"line":34,"column":35}},"9":{"start":{"line":35,"column":4},"end":{"line":35,"column":61}},"10":{"start":{"line":39,"column":4},"end":{"line":43,"column":7}},"11":{"start":{"line":46,"column":28},"end":{"line":68,"column":3}},"12":{"start":{"line":48,"column":17},"end":{"line":48,"column":36}},"13":{"start":{"line":49,"column":17},"end":{"line":49,"column":37}},"14":{"start":{"line":50,"column":4},"end":{"line":66,"column":5}},"15":{"start":{"line":52,"column":6},"end":{"line":52,"column":23}},"16":{"start":{"line":53,"column":6},"end":{"line":53,"column":12}},"17":{"start":{"line":55,"column":6},"end":{"line":55,"column":23}},"18":{"start":{"line":56,"column":6},"end":{"line":56,"column":12}},"19":{"start":{"line":58,"column":6},"end":{"line":58,"column":23}},"20":{"start":{"line":59,"column":6},"end":{"line":59,"column":12}},"21":{"start":{"line":61,"column":6},"end":{"line":61,"column":23}},"22":{"start":{"line":62,"column":6},"end":{"line":62,"column":12}},"23":{"start":{"line":64,"column":6},"end":{"line":64,"column":23}},"24":{"start":{"line":65,"column":6},"end":{"line":65,"column":12}},"25":{"start":{"line":67,"column":4},"end":{"line":67,"column":32}},"26":{"start":{"line":71,"column":4},"end":{"line":87,"column":6}}},"fnMap":{"0":{"name":"(anonymous_0)","decl":{"start":{"line":21,"column":17},"end":{"line":21,"column":18}},"loc":{"start":{"line":21,"column":26},"end":{"line":28,"column":3}},"line":21},"1":{"name":"(anonymous_1)","decl":{"start":{"line":29,"column":18},"end":{"line":29,"column":19}},"loc":{"start":{"line":29,"column":27},"end":{"line":36,"column":3}},"line":29},"2":{"name":"(anonymous_2)","decl":{"start":{"line":38,"column":21},"end":{"line":38,"column":22}},"loc":{"start":{"line":38,"column":27},"end":{"line":44,"column":3}},"line":38},"3":{"name":"(anonymous_3)","decl":{"start":{"line":46,"column":19},"end":{"line":46,"column":20}},"loc":{"start":{"line":46,"column":28},"end":{"line":68,"column":3}},"line":46},"4":{"name":"(anonymous_4)","decl":{"start":{"line":46,"column":28},"end":{"line":46,"column":29}},"loc":{"start":{"line":46,"column":34},"end":{"line":68,"column":3}},"line":46},"5":{"name":"(anonymous_5)","decl":{"start":{"line":70,"column":2},"end":{"line":70,"column":3}},"loc":{"start":{"line":70,"column":12},"end":{"line":88,"column":3}},"line":70}},"branchMap":{"0":{"loc":{"start":{"line":22,"column":4},"end":{"line":25,"column":5}},"type":"if","locations":[{"start":{"line":22,"column":4},"end":{"line":25,"column":5}},{"start":{"line":22,"column":4},"end":{"line":25,"column":5}}],"line":22},"1":{"loc":{"start":{"line":27,"column":4},"end":{"line":27,"column":59}},"type":"binary-expr","locations":[{"start":{"line":27,"column":4},"end":{"line":27,"column":21}},{"start":{"line":27,"column":25},"end":{"line":27,"column":59}}],"line":27},"2":{"loc":{"start":{"line":30,"column":4},"end":{"line":33,"column":5}},"type":"if","locations":[{"start":{"line":30,"column":4},"end":{"line":33,"column":5}},{"start":{"line":30,"column":4},"end":{"line":33,"column":5}}],"line":30},"3":{"loc":{"start":{"line":35,"column":4},"end":{"line":35,"column":60}},"type":"binary-expr","locations":[{"start":{"line":35,"column":4},"end":{"line":35,"column":21}},{"start":{"line":35,"column":25},"end":{"line":35,"column":60}}],"line":35},"4":{"loc":{"start":{"line":50,"column":4},"end":{"line":66,"column":5}},"type":"switch","locations":[{"start":{"line":51,"column":4},"end":{"line":53,"column":12}},{"start":{"line":54,"column":4},"end":{"line":56,"column":12}},{"start":{"line":57,"column":4},"end":{"line":59,"column":12}},{"start":{"line":60,"column":4},"end":{"line":62,"column":12}},{"start":{"line":63,"column":4},"end":{"line":65,"column":12}}],"line":50}},"s":{"0":8,"1":1,"2":1,"3":7,"4":7,"5":8,"6":1,"7":1,"8":7,"9":7,"10":1,"11":21,"12":5,"13":5,"14":5,"15":1,"16":1,"17":1,"18":1,"19":1,"20":1,"21":1,"22":1,"23":1,"24":1,"25":5,"26":32},"f":{"0":8,"1":8,"2":1,"3":21,"4":5,"5":32},"b":{"0":[1,7],"1":[7,7],"2":[1,7],"3":[7,7],"4":[1,1,1,1,1]},"_coverageSchema":"332fd63041d2c1bcb487cc26dd0d5f7d97098a6c","hash":"31005cae1f71646e26b1e012d7f1b9dd9579f705"}
,"/Users/suphawutpitirit/project/calculator/app/components/baseViews/BaseView.style.js": {"path":"/Users/suphawutpitirit/project/calculator/app/components/baseViews/BaseView.style.js","statementMap":{},"fnMap":{},"branchMap":{},"s":{},"f":{},"b":{},"_coverageSchema":"332fd63041d2c1bcb487cc26dd0d5f7d97098a6c","hash":"3ed4cbc3dbe6a2f47fa81224c1ac31da6d0928f4"}
,"/Users/suphawutpitirit/project/calculator/app/components/oparatorButtons/OparatorBTN.component.js": {"path":"/Users/suphawutpitirit/project/calculator/app/components/oparatorButtons/OparatorBTN.component.js","statementMap":{"0":{"start":{"line":14,"column":30},"end":{"line":14,"column":40}},"1":{"start":{"line":15,"column":4},"end":{"line":19,"column":6}},"2":{"start":{"line":23,"column":0},"end":{"line":26,"column":2}},"3":{"start":{"line":28,"column":0},"end":{"line":31,"column":2}}},"fnMap":{"0":{"name":"(anonymous_0)","decl":{"start":{"line":13,"column":2},"end":{"line":13,"column":3}},"loc":{"start":{"line":13,"column":12},"end":{"line":20,"column":3}},"line":13}},"branchMap":{},"s":{"0":18,"1":18,"2":3,"3":3},"f":{"0":18},"b":{},"_coverageSchema":"332fd63041d2c1bcb487cc26dd0d5f7d97098a6c","hash":"dd81b478f2547f4ff4ce078637fcc7695c62b1e1"}
,"/Users/suphawutpitirit/project/calculator/app/components/oparatorButtons/OparatorBTN.style.js": {"path":"/Users/suphawutpitirit/project/calculator/app/components/oparatorButtons/OparatorBTN.style.js","statementMap":{},"fnMap":{},"branchMap":{},"s":{},"f":{},"b":{},"_coverageSchema":"332fd63041d2c1bcb487cc26dd0d5f7d97098a6c","hash":"bebfc49abf74efe75facb1c9d05b6c0565f9b95d"}
,"/Users/suphawutpitirit/project/calculator/app/components/operatorInputs/OparatorInput.style.js": {"path":"/Users/suphawutpitirit/project/calculator/app/components/operatorInputs/OparatorInput.style.js","statementMap":{},"fnMap":{},"branchMap":{},"s":{},"f":{},"b":{},"_coverageSchema":"332fd63041d2c1bcb487cc26dd0d5f7d97098a6c","hash":"8ac28b91d40f06389702afc8fde963eeefce74be"}
,"/Users/suphawutpitirit/project/calculator/app/components/operatorInputs/OperatorInputs.component.js": {"path":"/Users/suphawutpitirit/project/calculator/app/components/operatorInputs/OperatorInputs.component.js","statementMap":{"0":{"start":{"line":15,"column":31},"end":{"line":15,"column":41}},"1":{"start":{"line":16,"column":4},"end":{"line":22,"column":6}},"2":{"start":{"line":26,"column":0},"end":{"line":29,"column":2}},"3":{"start":{"line":31,"column":0},"end":{"line":34,"column":2}}},"fnMap":{"0":{"name":"(anonymous_0)","decl":{"start":{"line":14,"column":2},"end":{"line":14,"column":3}},"loc":{"start":{"line":14,"column":12},"end":{"line":23,"column":3}},"line":14}},"branchMap":{},"s":{"0":10,"1":10,"2":3,"3":3},"f":{"0":10},"b":{},"_coverageSchema":"332fd63041d2c1bcb487cc26dd0d5f7d97098a6c","hash":"432e240c250fa0d018f5a90cb6de34912b6d9bcd"}
,"/Users/suphawutpitirit/project/calculator/app/components/results/Result.component.js": {"path":"/Users/suphawutpitirit/project/calculator/app/components/results/Result.component.js","statementMap":{"0":{"start":{"line":15,"column":28},"end":{"line":15,"column":38}},"1":{"start":{"line":16,"column":4},"end":{"line":24,"column":6}},"2":{"start":{"line":27,"column":0},"end":{"line":30,"column":2}},"3":{"start":{"line":32,"column":0},"end":{"line":35,"column":2}}},"fnMap":{"0":{"name":"(anonymous_0)","decl":{"start":{"line":14,"column":2},"end":{"line":14,"column":3}},"loc":{"start":{"line":14,"column":12},"end":{"line":25,"column":3}},"line":14}},"branchMap":{},"s":{"0":6,"1":6,"2":3,"3":3},"f":{"0":6},"b":{},"_coverageSchema":"332fd63041d2c1bcb487cc26dd0d5f7d97098a6c","hash":"2e7c4890c02c60cf07d8424319f13f447383b873"}
,"/Users/suphawutpitirit/project/calculator/app/components/results/Result.style.js": {"path":"/Users/suphawutpitirit/project/calculator/app/components/results/Result.style.js","statementMap":{},"fnMap":{},"branchMap":{},"s":{},"f":{},"b":{},"_coverageSchema":"332fd63041d2c1bcb487cc26dd0d5f7d97098a6c","hash":"b72a1e722beb29218cb8f3cf5b2630771ae51fc1"}
}
