{"/Users/suphawutpitirit/project/calculator/app/App.js": {"path":"/Users/suphawutpitirit/project/calculator/app/App.js","statementMap":{"0":{"start":{"line":12,"column":4},"end":{"line":14,"column":6}}},"fnMap":{"0":{"name":"(anonymous_0)","decl":{"start":{"line":11,"column":2},"end":{"line":11,"column":3}},"loc":{"start":{"line":11,"column":12},"end":{"line":15,"column":3}},"line":11}},"branchMap":{},"s":{"0":2},"f":{"0":2},"b":{},"_coverageSchema":"332fd63041d2c1bcb487cc26dd0d5f7d97098a6c","hash":"0bf53c268eeb8efd40d03f7c90cb5c7601f914fc"}
,"/Users/suphawutpitirit/project/calculator/app/components/baseViews/BaseView.component.js": {"path":"/Users/suphawutpitirit/project/calculator/app/components/baseViews/BaseView.component.js","statementMap":{"0":{"start":{"line":22,"column":20},"end":{"line":22,"column":35}},"1":{"start":{"line":23,"column":4},"end":{"line":23,"column":60}},"2":{"start":{"line":26,"column":20},"end":{"line":26,"column":35}},"3":{"start":{"line":27,"column":4},"end":{"line":27,"column":61}},"4":{"start":{"line":31,"column":4},"end":{"line":35,"column":7}},"5":{"start":{"line":38,"column":28},"end":{"line":60,"column":3}},"6":{"start":{"line":40,"column":17},"end":{"line":40,"column":36}},"7":{"start":{"line":41,"column":17},"end":{"line":41,"column":37}},"8":{"start":{"line":42,"column":4},"end":{"line":58,"column":5}},"9":{"start":{"line":44,"column":6},"end":{"line":44,"column":23}},"10":{"start":{"line":45,"column":6},"end":{"line":45,"column":12}},"11":{"start":{"line":47,"column":6},"end":{"line":47,"column":23}},"12":{"start":{"line":48,"column":6},"end":{"line":48,"column":12}},"13":{"start":{"line":50,"column":6},"end":{"line":50,"column":23}},"14":{"start":{"line":51,"column":6},"end":{"line":51,"column":12}},"15":{"start":{"line":53,"column":6},"end":{"line":53,"column":23}},"16":{"start":{"line":54,"column":6},"end":{"line":54,"column":12}},"17":{"start":{"line":56,"column":6},"end":{"line":56,"column":23}},"18":{"start":{"line":57,"column":6},"end":{"line":57,"column":12}},"19":{"start":{"line":59,"column":4},"end":{"line":59,"column":32}},"20":{"start":{"line":63,"column":4},"end":{"line":79,"column":6}}},"fnMap":{"0":{"name":"(anonymous_0)","decl":{"start":{"line":21,"column":17},"end":{"line":21,"column":18}},"loc":{"start":{"line":21,"column":26},"end":{"line":24,"column":3}},"line":21},"1":{"name":"(anonymous_1)","decl":{"start":{"line":25,"column":18},"end":{"line":25,"column":19}},"loc":{"start":{"line":25,"column":27},"end":{"line":28,"column":3}},"line":25},"2":{"name":"(anonymous_2)","decl":{"start":{"line":30,"column":21},"end":{"line":30,"column":22}},"loc":{"start":{"line":30,"column":27},"end":{"line":36,"column":3}},"line":30},"3":{"name":"(anonymous_3)","decl":{"start":{"line":38,"column":19},"end":{"line":38,"column":20}},"loc":{"start":{"line":38,"column":28},"end":{"line":60,"column":3}},"line":38},"4":{"name":"(anonymous_4)","decl":{"start":{"line":38,"column":28},"end":{"line":38,"column":29}},"loc":{"start":{"line":38,"column":34},"end":{"line":60,"column":3}},"line":38},"5":{"name":"(anonymous_5)","decl":{"start":{"line":62,"column":2},"end":{"line":62,"column":3}},"loc":{"start":{"line":62,"column":12},"end":{"line":80,"column":3}},"line":62}},"branchMap":{"0":{"loc":{"start":{"line":23,"column":4},"end":{"line":23,"column":59}},"type":"binary-expr","locations":[{"start":{"line":23,"column":4},"end":{"line":23,"column":21}},{"start":{"line":23,"column":25},"end":{"line":23,"column":59}}],"line":23},"1":{"loc":{"start":{"line":27,"column":4},"end":{"line":27,"column":60}},"type":"binary-expr","locations":[{"start":{"line":27,"column":4},"end":{"line":27,"column":21}},{"start":{"line":27,"column":25},"end":{"line":27,"column":60}}],"line":27},"2":{"loc":{"start":{"line":42,"column":4},"end":{"line":58,"column":5}},"type":"switch","locations":[{"start":{"line":43,"column":4},"end":{"line":45,"column":12}},{"start":{"line":46,"column":4},"end":{"line":48,"column":12}},{"start":{"line":49,"column":4},"end":{"line":51,"column":12}},{"start":{"line":52,"column":4},"end":{"line":54,"column":12}},{"start":{"line":55,"column":4},"end":{"line":57,"column":12}}],"line":42}},"s":{"0":7,"1":7,"2":7,"3":7,"4":1,"5":21,"6":5,"7":5,"8":5,"9":1,"10":1,"11":1,"12":1,"13":1,"14":1,"15":1,"16":1,"17":1,"18":1,"19":5,"20":30},"f":{"0":7,"1":7,"2":1,"3":21,"4":5,"5":30},"b":{"0":[7,7],"1":[7,7],"2":[1,1,1,1,1]},"_coverageSchema":"332fd63041d2c1bcb487cc26dd0d5f7d97098a6c","hash":"c5176cc111739e05a74c10aa942c82a6bbcc0147"}
,"/Users/suphawutpitirit/project/calculator/app/components/baseViews/BaseView.style.js": {"path":"/Users/suphawutpitirit/project/calculator/app/components/baseViews/BaseView.style.js","statementMap":{},"fnMap":{},"branchMap":{},"s":{},"f":{},"b":{},"_coverageSchema":"332fd63041d2c1bcb487cc26dd0d5f7d97098a6c","hash":"3ed4cbc3dbe6a2f47fa81224c1ac31da6d0928f4"}
,"/Users/suphawutpitirit/project/calculator/app/components/oparatorButtons/OparatorBTN.component.js": {"path":"/Users/suphawutpitirit/project/calculator/app/components/oparatorButtons/OparatorBTN.component.js","statementMap":{"0":{"start":{"line":14,"column":30},"end":{"line":14,"column":40}},"1":{"start":{"line":15,"column":4},"end":{"line":19,"column":6}},"2":{"start":{"line":23,"column":0},"end":{"line":26,"column":2}},"3":{"start":{"line":28,"column":0},"end":{"line":31,"column":2}}},"fnMap":{"0":{"name":"(anonymous_0)","decl":{"start":{"line":13,"column":2},"end":{"line":13,"column":3}},"loc":{"start":{"line":13,"column":12},"end":{"line":20,"column":3}},"line":13}},"branchMap":{},"s":{"0":18,"1":18,"2":3,"3":3},"f":{"0":18},"b":{},"_coverageSchema":"332fd63041d2c1bcb487cc26dd0d5f7d97098a6c","hash":"dd81b478f2547f4ff4ce078637fcc7695c62b1e1"}
,"/Users/suphawutpitirit/project/calculator/app/components/oparatorButtons/OparatorBTN.style.js": {"path":"/Users/suphawutpitirit/project/calculator/app/components/oparatorButtons/OparatorBTN.style.js","statementMap":{},"fnMap":{},"branchMap":{},"s":{},"f":{},"b":{},"_coverageSchema":"332fd63041d2c1bcb487cc26dd0d5f7d97098a6c","hash":"bebfc49abf74efe75facb1c9d05b6c0565f9b95d"}
,"/Users/suphawutpitirit/project/calculator/app/components/operatorInputs/OparatorInput.style.js": {"path":"/Users/suphawutpitirit/project/calculator/app/components/operatorInputs/OparatorInput.style.js","statementMap":{},"fnMap":{},"branchMap":{},"s":{},"f":{},"b":{},"_coverageSchema":"332fd63041d2c1bcb487cc26dd0d5f7d97098a6c","hash":"8ac28b91d40f06389702afc8fde963eeefce74be"}
,"/Users/suphawutpitirit/project/calculator/app/components/operatorInputs/OperatorInputs.component.js": {"path":"/Users/suphawutpitirit/project/calculator/app/components/operatorInputs/OperatorInputs.component.js","statementMap":{"0":{"start":{"line":15,"column":31},"end":{"line":15,"column":41}},"1":{"start":{"line":16,"column":4},"end":{"line":22,"column":6}},"2":{"start":{"line":26,"column":0},"end":{"line":29,"column":2}},"3":{"start":{"line":31,"column":0},"end":{"line":34,"column":2}}},"fnMap":{"0":{"name":"(anonymous_0)","decl":{"start":{"line":14,"column":2},"end":{"line":14,"column":3}},"loc":{"start":{"line":14,"column":12},"end":{"line":23,"column":3}},"line":14}},"branchMap":{},"s":{"0":10,"1":10,"2":3,"3":3},"f":{"0":10},"b":{},"_coverageSchema":"332fd63041d2c1bcb487cc26dd0d5f7d97098a6c","hash":"432e240c250fa0d018f5a90cb6de34912b6d9bcd"}
,"/Users/suphawutpitirit/project/calculator/app/components/results/Result.component.js": {"path":"/Users/suphawutpitirit/project/calculator/app/components/results/Result.component.js","statementMap":{"0":{"start":{"line":15,"column":28},"end":{"line":15,"column":38}},"1":{"start":{"line":16,"column":4},"end":{"line":24,"column":6}},"2":{"start":{"line":27,"column":0},"end":{"line":30,"column":2}},"3":{"start":{"line":32,"column":0},"end":{"line":35,"column":2}}},"fnMap":{"0":{"name":"(anonymous_0)","decl":{"start":{"line":14,"column":2},"end":{"line":14,"column":3}},"loc":{"start":{"line":14,"column":12},"end":{"line":25,"column":3}},"line":14}},"branchMap":{},"s":{"0":6,"1":6,"2":3,"3":3},"f":{"0":6},"b":{},"_coverageSchema":"332fd63041d2c1bcb487cc26dd0d5f7d97098a6c","hash":"2e7c4890c02c60cf07d8424319f13f447383b873"}
,"/Users/suphawutpitirit/project/calculator/app/components/results/Result.style.js": {"path":"/Users/suphawutpitirit/project/calculator/app/components/results/Result.style.js","statementMap":{},"fnMap":{},"branchMap":{},"s":{},"f":{},"b":{},"_coverageSchema":"332fd63041d2c1bcb487cc26dd0d5f7d97098a6c","hash":"b72a1e722beb29218cb8f3cf5b2630771ae51fc1"}
}
