TN:
SF:/Users/suphawutpitirit/project/calculator/app/App.js
FN:11,(anonymous_0)
FNF:1
FNH:1
FNDA:2,(anonymous_0)
DA:12,2
LF:1
LH:1
BRF:0
BRH:0
end_of_record
TN:
SF:/Users/suphawutpitirit/project/calculator/app/components/baseViews/BaseView.component.js
FN:21,(anonymous_0)
FN:25,(anonymous_1)
FN:30,(anonymous_2)
FN:38,(anonymous_3)
FN:43,(anonymous_4)
FN:48,(anonymous_5)
FN:53,(anonymous_6)
FN:58,(anonymous_7)
FNF:8
FNH:8
FNDA:10,(anonymous_0)
FNDA:10,(anonymous_1)
FNDA:1,(anonymous_2)
FNDA:1,(anonymous_3)
FNDA:1,(anonymous_4)
FNDA:1,(anonymous_5)
FNDA:1,(anonymous_6)
FNDA:38,(anonymous_7)
DA:22,10
DA:23,10
DA:26,10
DA:27,10
DA:31,1
DA:39,1
DA:40,1
DA:44,1
DA:45,1
DA:49,1
DA:50,1
DA:54,1
DA:55,1
DA:59,38
LF:14
LH:14
BRDA:23,0,0,10
BRDA:23,0,1,10
BRDA:27,1,0,10
BRDA:27,1,1,10
BRF:4
BRH:4
end_of_record
TN:
SF:/Users/suphawutpitirit/project/calculator/app/components/baseViews/BaseView.style.js
FNF:0
FNH:0
LF:0
LH:0
BRF:0
BRH:0
end_of_record
TN:
SF:/Users/suphawutpitirit/project/calculator/app/components/oparatorButtons/OparatorBTN.component.js
FN:13,(anonymous_0)
FNF:1
FNH:1
FNDA:18,(anonymous_0)
DA:14,18
DA:15,18
DA:23,3
DA:28,3
LF:4
LH:4
BRF:0
BRH:0
end_of_record
TN:
SF:/Users/suphawutpitirit/project/calculator/app/components/oparatorButtons/OparatorBTN.style.js
FNF:0
FNH:0
LF:0
LH:0
BRF:0
BRH:0
end_of_record
TN:
SF:/Users/suphawutpitirit/project/calculator/app/components/operatorInputs/OparatorInput.style.js
FNF:0
FNH:0
LF:0
LH:0
BRF:0
BRH:0
end_of_record
TN:
SF:/Users/suphawutpitirit/project/calculator/app/components/operatorInputs/OperatorInputs.component.js
FN:14,(anonymous_0)
FNF:1
FNH:1
FNDA:10,(anonymous_0)
DA:15,10
DA:16,10
DA:26,3
DA:31,3
LF:4
LH:4
BRF:0
BRH:0
end_of_record
TN:
SF:/Users/suphawutpitirit/project/calculator/app/components/results/Result.component.js
FN:14,(anonymous_0)
FNF:1
FNH:1
FNDA:6,(anonymous_0)
DA:15,6
DA:16,6
DA:27,3
DA:32,3
LF:4
LH:4
BRF:0
BRH:0
end_of_record
TN:
SF:/Users/suphawutpitirit/project/calculator/app/components/results/Result.style.js
FNF:0
FNH:0
LF:0
LH:0
BRF:0
BRH:0
end_of_record
