TN:
SF:/Users/suphawutpitirit/project/calculator/app/App.js
FN:11,(anonymous_0)
FNF:1
FNH:1
FNDA:2,(anonymous_0)
DA:12,2
LF:1
LH:1
BRF:0
BRH:0
end_of_record
TN:
SF:/Users/suphawutpitirit/project/calculator/app/components/baseViews/BaseView.component.js
FN:21,(anonymous_0)
FN:25,(anonymous_1)
FN:30,(anonymous_2)
FN:38,(anonymous_3)
FN:38,(anonymous_4)
FN:62,(anonymous_5)
FNF:6
FNH:6
FNDA:7,(anonymous_0)
FNDA:7,(anonymous_1)
FNDA:1,(anonymous_2)
FNDA:21,(anonymous_3)
FNDA:5,(anonymous_4)
FNDA:30,(anonymous_5)
DA:22,7
DA:23,7
DA:26,7
DA:27,7
DA:31,1
DA:38,21
DA:40,5
DA:41,5
DA:42,5
DA:44,1
DA:45,1
DA:47,1
DA:48,1
DA:50,1
DA:51,1
DA:53,1
DA:54,1
DA:56,1
DA:57,1
DA:59,5
DA:63,30
LF:21
LH:21
BRDA:23,0,0,7
BRDA:23,0,1,7
BRDA:27,1,0,7
BRDA:27,1,1,7
BRDA:42,2,0,1
BRDA:42,2,1,1
BRDA:42,2,2,1
BRDA:42,2,3,1
BRDA:42,2,4,1
BRF:9
BRH:9
end_of_record
TN:
SF:/Users/suphawutpitirit/project/calculator/app/components/baseViews/BaseView.style.js
FNF:0
FNH:0
LF:0
LH:0
BRF:0
BRH:0
end_of_record
TN:
SF:/Users/suphawutpitirit/project/calculator/app/components/oparatorButtons/OparatorBTN.component.js
FN:13,(anonymous_0)
FNF:1
FNH:1
FNDA:18,(anonymous_0)
DA:14,18
DA:15,18
DA:23,3
DA:28,3
LF:4
LH:4
BRF:0
BRH:0
end_of_record
TN:
SF:/Users/suphawutpitirit/project/calculator/app/components/oparatorButtons/OparatorBTN.style.js
FNF:0
FNH:0
LF:0
LH:0
BRF:0
BRH:0
end_of_record
TN:
SF:/Users/suphawutpitirit/project/calculator/app/components/operatorInputs/OparatorInput.style.js
FNF:0
FNH:0
LF:0
LH:0
BRF:0
BRH:0
end_of_record
TN:
SF:/Users/suphawutpitirit/project/calculator/app/components/operatorInputs/OperatorInputs.component.js
FN:14,(anonymous_0)
FNF:1
FNH:1
FNDA:10,(anonymous_0)
DA:15,10
DA:16,10
DA:26,3
DA:31,3
LF:4
LH:4
BRF:0
BRH:0
end_of_record
TN:
SF:/Users/suphawutpitirit/project/calculator/app/components/results/Result.component.js
FN:14,(anonymous_0)
FNF:1
FNH:1
FNDA:6,(anonymous_0)
DA:15,6
DA:16,6
DA:27,3
DA:32,3
LF:4
LH:4
BRF:0
BRH:0
end_of_record
TN:
SF:/Users/suphawutpitirit/project/calculator/app/components/results/Result.style.js
FNF:0
FNH:0
LF:0
LH:0
BRF:0
BRH:0
end_of_record
